<?xml version="1.0" encoding="UTF-8"?>
<testsuite xmlns:xsi="http://www.w3.org/2001/XMLSchema-instance" xsi:noNamespaceSchemaLocation="https://maven.apache.org/surefire/maven-surefire-plugin/xsd/surefire-test-report-3.0.xsd" version="3.0" name="Junit.TimedTest" time="0.918" tests="3" errors="0" skipped="0" failures="1">
  <properties>
[...]
</properties>
  <testcase name="testUnrealisticTimeoutFail" classname="Junit.TimedTest" time="0.221">
    <failure message="execution exceeded timeout of 50 ms by 52 ms" type="org.opentest4j.AssertionFailedError"><![CDATA[org.opentest4j.AssertionFailedError: execution exceeded timeout of 50 ms by 52 ms
	at org.junit.jupiter.api.AssertionFailureBuilder.build(AssertionFailureBuilder.java:152)
	at org.junit.jupiter.api.AssertionFailureBuilder.buildAndThrow(AssertionFailureBuilder.java:132)
	at org.junit.jupiter.api.AssertTimeout.assertTimeout(AssertTimeout.java:81)
	at org.junit.jupiter.api.AssertTimeout.assertTimeout(AssertTimeout.java:57)
	at org.junit.jupiter.api.AssertTimeout.assertTimeout(AssertTimeout.java:39)
	at org.junit.jupiter.api.AssertTimeout.assertTimeout(AssertTimeout.java:35)
	at org.junit.jupiter.api.Assertions.assertTimeout(Assertions.java:3294)
	at Junit.TimedTest.testUnrealisticTimeoutFail(timedTest.java:29)
	at java.base/java.lang.reflect.Method.invoke(Method.java:565)
	at java.base/java.util.ArrayList.forEach(ArrayList.java:1612)
	at java.base/java.util.ArrayList.forEach(ArrayList.java:1612)
]]></failure>
  </testcase>
  <testcase name="testSlowExecutionFail" classname="Junit.TimedTest" time="0.505"/>
  <testcase name="testQuickExecutionPass" classname="Junit.TimedTest" time="0.103"/>
</testsuite>